[debug] [2025-08-24T18:46:40.258Z] [Firebase Plugin] Activating Firebase extension.
[info] [Firebase Plugin] Checked firebase-tools, is up to date!
[debug] [2025-08-24T18:46:48.466Z] [Firebase Plugin] requireAuthWrapper
[debug] [2025-08-24T18:46:48.474Z] > command requires scopes: ["email","openid","https://www.googleapis.com/auth/cloudplatformprojects.readonly","https://www.googleapis.com/auth/firebase","https://www.googleapis.com/auth/cloud-platform"]
[info] [Firebase Plugin] Starting Data Connect toolkit (version 2.11.2) on port 50001
[debug] [2025-08-24T18:46:50.844Z] I0825 00:16:50.821584   21256 control.go:94] [/emulator/portpolio 05f9] UpdateResources(): done
Schema: sources: schema\schema.gql [2088B] 
Connector "example": sources: example\mutations.gql [1301B] example\queries.gql [1947B] 
 {"metadata":{"emulator":{"name":"dataconnect"},"message":"I0825 00:16:50.821584   21256 control.go:94] [/emulator/portpolio 05f9] UpdateResources(): done\nSchema: sources: schema\\schema.gql [2088B] \nConnector \"example\": sources: example\\mutations.gql [1301B] example\\queries.gql [1947B] \n"}}
[debug] [2025-08-24T18:46:50.846Z] Ignoring unsupported arg: auto_download {"metadata":{"emulator":{"name":"dataconnect"},"message":"Ignoring unsupported arg: auto_download"}}
[debug] [2025-08-24T18:46:50.846Z] Ignoring unsupported arg: port {"metadata":{"emulator":{"name":"dataconnect"},"message":"Ignoring unsupported arg: port"}}
[debug] [2025-08-24T18:46:50.847Z] Starting Data Connect Emulator with command {"binary":"C:\\Users\\kdev7\\.cache\\firebase\\emulators\\dataconnect-emulator-2.11.2.exe","args":["--logtostderr","-v=2","dev","--listen=localhost:50001","--config_dir=c:\\Users\\kdev7\\OneDrive\\문서\\Desktop\\PortPolio\\dataconnect","--enable_output_schema_extensions=true","--enable_output_generated_sdk=true"],"optionalArgs":["listen","config_dir","enable_output_schema_extensions","enable_output_generated_sdk"],"joinArgs":true,"shell":false,"port":9399} {"metadata":{"emulator":{"name":"dataconnect"},"message":"Starting Data Connect Emulator with command {\"binary\":\"C:\\\\Users\\\\kdev7\\\\.cache\\\\firebase\\\\emulators\\\\dataconnect-emulator-2.11.2.exe\",\"args\":[\"--logtostderr\",\"-v=2\",\"dev\",\"--listen=localhost:50001\",\"--config_dir=c:\\\\Users\\\\kdev7\\\\OneDrive\\\\문서\\\\Desktop\\\\PortPolio\\\\dataconnect\",\"--enable_output_schema_extensions=true\",\"--enable_output_generated_sdk=true\"],\"optionalArgs\":[\"listen\",\"config_dir\",\"enable_output_schema_extensions\",\"enable_output_generated_sdk\"],\"joinArgs\":true,\"shell\":false,\"port\":9399}"}}
[info] i  dataconnect: Data Connect Emulator logging to dataconnect-debug.log {"metadata":{"emulator":{"name":"dataconnect"},"message":"Data Connect Emulator logging to \u001b[1mdataconnect-debug.log\u001b[22m"}}
[error] [Firebase Plugin] requireAuth error: Could not load the default credentials. Browse to https://cloud.google.com/docs/authentication/getting-started for more information.
[debug] [2025-08-24T18:46:51.707Z] I0825 00:16:51.704565   26340 load.go:31] Reloading schema and connectors...
 {"metadata":{"emulator":{"name":"dataconnect"},"message":"I0825 00:16:51.704565   26340 load.go:31] Reloading schema and connectors...\n"}}
[debug] [2025-08-24T18:46:51.727Z] I0825 00:16:51.726725   26340 control.go:94] [/emulator/portpolio a0f7] UpdateResources(): done
Schema: sources: schema\schema.gql [2088B] 
Connector "example": sources: example\mutations.gql [1301B] example\queries.gql [1947B] 
 {"metadata":{"emulator":{"name":"dataconnect"},"message":"I0825 00:16:51.726725   26340 control.go:94] [/emulator/portpolio a0f7] UpdateResources(): done\nSchema: sources: schema\\schema.gql [2088B] \nConnector \"example\": sources: example\\mutations.gql [1301B] example\\queries.gql [1947B] \n"}}
[debug] [2025-08-24T18:46:51.745Z] I0825 00:16:51.743802   26340 codegen.go:82] [connector "example" javascriptSdk] Generating sources into "c:\\Users\\kdev7\\OneDrive\\문서\\Desktop\\PortPolio\\dataconnect-generated\\js\\example-connector"
 {"metadata":{"emulator":{"name":"dataconnect"},"message":"I0825 00:16:51.743802   26340 codegen.go:82] [connector \"example\" javascriptSdk] Generating sources into \"c:\\\\Users\\\\kdev7\\\\OneDrive\\\\문서\\\\Desktop\\\\PortPolio\\\\dataconnect-generated\\\\js\\\\example-connector\"\n"}}
[debug] [2025-08-24T18:46:51.781Z] I0825 00:16:51.749677   26340 collector.go:107] schema extensions wrote into "c:\\Users\\kdev7\\OneDrive\\문서\\Desktop\\PortPolio\\dataconnect\\.dataconnect\\schema"
Generated sources: prelude.gql [73251B] 
I0825 00:16:51.756646   26340 collector.go:107] connector "example" javascriptSdk wrote into "c:\\Users\\kdev7\\OneDrive\\문서\\Desktop\\PortPolio\\dataconnect-generated\\js\\example-connector"
Generated sources: README.md [2749B] index.d.ts [248B] esm\index.esm.js [112B] esm\package.json [17B] index.cjs.js [147B] package.json [626B] 
I0825 00:16:51.757651   26340 installsdk.go:55] Package @dataconnect/generated is already installed. Skipping installation
I0825 00:16:51.757651   26340 load.go:109] Finished reloading
 {"metadata":{"emulator":{"name":"dataconnect"},"message":"I0825 00:16:51.749677   26340 collector.go:107] schema extensions wrote into \"c:\\\\Users\\\\kdev7\\\\OneDrive\\\\문서\\\\Desktop\\\\PortPolio\\\\dataconnect\\\\.dataconnect\\\\schema\"\nGenerated sources: prelude.gql [73251B] \nI0825 00:16:51.756646   26340 collector.go:107] connector \"example\" javascriptSdk wrote into \"c:\\\\Users\\\\kdev7\\\\OneDrive\\\\문서\\\\Desktop\\\\PortPolio\\\\dataconnect-generated\\\\js\\\\example-connector\"\nGenerated sources: README.md [2749B] index.d.ts [248B] esm\\index.esm.js [112B] esm\\package.json [17B] index.cjs.js [147B] package.json [626B] \nI0825 00:16:51.757651   26340 installsdk.go:55] Package @dataconnect/generated is already installed. Skipping installation\nI0825 00:16:51.757651   26340 load.go:109] Finished reloading\n"}}
[debug] [2025-08-24T18:46:51.900Z] I0825 00:16:51.891217   26340 dev.go:102] Listening on address (HTTP + gRPC): 127.0.0.1:50001
 {"metadata":{"emulator":{"name":"dataconnect"},"message":"I0825 00:16:51.891217   26340 dev.go:102] Listening on address (HTTP + gRPC): 127.0.0.1:50001\n"}}
[debug] [2025-08-24T18:46:52.042Z] I0825 00:16:52.039268   26340 engine.go:171] [/emulator/portpolio a0f7] ExecuteGraphqlRead IntrospectionQuery: succeeded. 
 {"metadata":{"emulator":{"name":"dataconnect"},"message":"I0825 00:16:52.039268   26340 engine.go:171] [/emulator/portpolio a0f7] ExecuteGraphqlRead IntrospectionQuery: succeeded. \n"}}
